<?xml version="1.0" encoding="UTF-8"?>
<testsuite name="model.datasource.remoteDatasource.ApiTest" tests="1" skipped="0" failures="0" errors="0" timestamp="2022-07-25T16:48:45" hostname="felix-System-Product-Name" time="0.279">
  <properties/>
  <testcase name="req()" classname="model.datasource.remoteDatasource.ApiTest" time="0.279"/>
  <system-out><![CDATA[]]></system-out>
  <system-err><![CDATA[]]></system-err>
</testsuite>
